[debug] [2021-03-16T16:39:41.938Z] ----------------------------------------------------------------------
[debug] [2021-03-16T16:39:41.949Z] Command:       C:\Program Files\nodejs\node.exe C:\Users\Fayiz Qadri\AppData\Roaming\npm\node_modules\firebase-tools\lib\bin\firebase.js init
[debug] [2021-03-16T16:39:41.950Z] CLI Version:   9.6.1
[debug] [2021-03-16T16:39:41.951Z] Platform:      win32
[debug] [2021-03-16T16:39:41.951Z] Node Version:  v12.18.4
[debug] [2021-03-16T16:39:41.954Z] Time:          Tue Mar 16 2021 22:09:41 GMT+0530 (India Standard Time)
[debug] [2021-03-16T16:39:41.955Z] ----------------------------------------------------------------------
[debug] [2021-03-16T16:39:41.956Z] 
[debug] [2021-03-16T16:39:41.980Z] > command requires scopes: ["email","openid","https://www.googleapis.com/auth/cloudplatformprojects.readonly","https://www.googleapis.com/auth/firebase","https://www.googleapis.com/auth/cloud-platform"]
[debug] [2021-03-16T16:39:41.982Z] > authorizing via signed-in user
[info] 
     ######## #### ########  ######## ########     ###     ######  ########
     ##        ##  ##     ## ##       ##     ##  ##   ##  ##       ##
     ######    ##  ########  ######   ########  #########  ######  ######
     ##        ##  ##    ##  ##       ##     ## ##     ##       ## ##
     ##       #### ##     ## ######## ########  ##     ##  ######  ########

You're about to initialize a Firebase project in this directory:

  C:\Users\Fayiz Qadri\addressAdvisors

Before we get started, keep in mind:

  * You are initializing in an existing Firebase project directory

